  Project3.cpp
C:\Users\carol\source\repos\ufo sfml map\ufo sfml map\Heap.h(52,41): warning C4267: 'initializing': conversion from 'size_t' to 'int', possible loss of data
C:\Users\carol\source\repos\ufo sfml map\ufo sfml map\Heap.h(101,37): warning C4267: 'initializing': conversion from 'size_t' to 'int', possible loss of data
C:\Users\carol\source\repos\ufo sfml map\ufo sfml map\Heap.h(218,32): warning C4267: 'initializing': conversion from 'size_t' to 'int', possible loss of data
C:\Users\carol\source\repos\ufo sfml map\ufo sfml map\Heap.h(230,23): warning C4267: 'return': conversion from 'size_t' to 'int', possible loss of data
C:\Users\carol\source\repos\ufo sfml map\ufo sfml map\HashTable.h(208,48): warning C4267: '=': conversion from 'size_t' to 'int', possible loss of data
C:\Users\carol\source\repos\ufo sfml map\ufo sfml map\HashTable.h(272,39): warning C4244: '=': conversion from 'double' to 'int', possible loss of data
C:\Users\carol\source\repos\ufo sfml map\ufo sfml map\HashTable.h(284,39): warning C4244: '=': conversion from 'double' to 'int', possible loss of data
C:\Users\carol\source\repos\ufo sfml map\ufo sfml map\Project3.cpp(166,45): warning C4244: 'argument': conversion from 'double' to 'T', possible loss of data
          with
          [
              T=float
          ]
C:\Users\carol\source\repos\ufo sfml map\ufo sfml map\Project3.cpp(175,32): warning C4305: 'argument': truncation from 'double' to 'float'
C:\Users\carol\source\repos\ufo sfml map\ufo sfml map\Project3.cpp(176,32): warning C4305: 'argument': truncation from 'double' to 'float'
C:\Users\carol\source\repos\ufo sfml map\ufo sfml map\Project3.cpp(363,52): warning C4305: 'argument': truncation from 'double' to 'float'
C:\Users\carol\source\repos\ufo sfml map\ufo sfml map\Project3.cpp(415,62): warning C4244: '=': conversion from '_Rep' to 'float', possible loss of data
          with
          [
              _Rep=double
          ]
C:\Users\carol\source\repos\ufo sfml map\ufo sfml map\Project3.cpp(416,60): warning C4244: '=': conversion from 'double' to 'float', possible loss of data
C:\Users\carol\source\repos\ufo sfml map\ufo sfml map\Project3.cpp(465,62): warning C4244: '=': conversion from '_Rep' to 'float', possible loss of data
          with
          [
              _Rep=double
          ]
C:\Users\carol\source\repos\ufo sfml map\ufo sfml map\Project3.cpp(466,60): warning C4244: '=': conversion from 'double' to 'float', possible loss of data
C:\Users\carol\source\repos\ufo sfml map\ufo sfml map\Project3.cpp(543,69): warning C4244: 'argument': conversion from '_Ty1' to 'float', possible loss of data
          with
          [
              _Ty1=double
          ]
C:\Users\carol\source\repos\ufo sfml map\ufo sfml map\Project3.cpp(543,50): warning C4244: 'argument': conversion from '_Ty2' to 'float', possible loss of data
          with
          [
              _Ty2=double
          ]
C:\Users\carol\source\repos\ufo sfml map\ufo sfml map\Project3.cpp(551,53): warning C4305: 'argument': truncation from 'double' to 'T'
          with
          [
              T=float
          ]
C:\Users\carol\source\repos\ufo sfml map\ufo sfml map\Project3.cpp(552,54): warning C4244: 'argument': conversion from '_Ty1' to 'float', possible loss of data
          with
          [
              _Ty1=double
          ]
C:\Users\carol\source\repos\ufo sfml map\ufo sfml map\Project3.cpp(552,39): warning C4244: 'argument': conversion from '_Ty2' to 'float', possible loss of data
          with
          [
              _Ty2=double
          ]
C:\Users\carol\source\repos\ufo sfml map\ufo sfml map\Project3.cpp(648,60): warning C4244: '=': conversion from 'double' to 'float', possible loss of data
C:\Users\carol\source\repos\ufo sfml map\ufo sfml map\Project3.cpp(661,60): warning C4244: '=': conversion from 'double' to 'float', possible loss of data
C:\Users\carol\source\repos\ufo sfml map\ufo sfml map\Project3.cpp(499,57): warning C4390: ';': empty controlled statement found; is this the intent?
  ufo sfml map.vcxproj -> C:\Users\carol\source\repos\ufo sfml map\x64\Debug\ufo sfml map.exe
